
{"level":"debug","message":"GET in /js/admin.js - 18:00:32"}
{"level":"debug","message":"GET in /admin - 18:06:37"}
{"level":"debug","message":"GET in /css/styleProducts.css - 18:06:40"}
{"level":"debug","message":"GET in /js/admin.js - 18:06:40"}
{"level":"debug","message":"DELETE in /api/users/inactive - 18:06:43"}
{"level":"error","message":"Cannot delete inactive users with error: ReferenceError: id is not defined"}
{"level":"debug","message":"DELETE in /api/users/inactive - 18:06:53"}
{"level":"error","message":"Cannot delete inactive users with error: ReferenceError: id is not defined"}
{"level":"debug","message":"GET in /admin - 18:07:45"}
{"level":"debug","message":"GET in /css/styleProducts.css - 18:07:45"}
{"level":"debug","message":"GET in /js/admin.js - 18:07:45"}
{"level":"debug","message":"DELETE in /api/users/inactive - 18:07:51"}
{"level":"debug","message":"GET in /admin - 18:07:53"}
{"level":"debug","message":"GET in /css/styleProducts.css - 18:07:53"}
{"level":"debug","message":"GET in /js/admin.js - 18:07:53"}
{"level":"debug","message":"GET in /admin - 18:13:24"}
{"level":"debug","message":"GET in /js/admin.js - 18:13:25"}
{"level":"debug","message":"GET in /css/styleProducts.css - 18:13:25"}
{"level":"debug","message":"DELETE in /api/users/inactive - 18:13:40"}
{"level":"error","message":"Cannot delete inactive users with error: Error: No inactive users were found"}
{"level":"debug","message":"GET in /admin - 18:14:45"}
{"level":"debug","message":"GET in /js/admin.js - 18:14:48"}
{"level":"debug","message":"GET in /css/styleProducts.css - 18:14:48"}
{"level":"debug","message":"DELETE in /api/users/inactive - 18:14:51"}
{"level":"debug","message":"GET in /admin - 18:15:37"}
{"level":"debug","message":"GET in /js/admin.js - 18:15:40"}
{"level":"debug","message":"GET in /css/styleProducts.css - 18:15:40"}
{"level":"debug","message":"DELETE in /api/users/inactive - 18:15:41"}
{"level":"debug","message":"GET in /admin - 18:17:42"}
{"level":"debug","message":"GET in /js/admin.js - 18:17:45"}
{"level":"debug","message":"GET in /css/styleProducts.css - 18:17:45"}
{"level":"debug","message":"DELETE in /api/users/inactive - 18:17:47"}
{"level":"debug","message":"GET in /admin - 18:19:13"}
{"level":"debug","message":"GET in /js/admin.js - 18:19:13"}
{"level":"debug","message":"GET in /css/styleProducts.css - 18:19:13"}
{"level":"debug","message":"DELETE in /api/users/inactive - 18:19:21"}
{"level":"debug","message":"GET in /admin - 18:19:49"}
{"level":"debug","message":"GET in /js/admin.js - 18:19:52"}
{"level":"debug","message":"GET in /css/styleProducts.css - 18:19:52"}
{"level":"debug","message":"DELETE in /api/users/inactive - 18:19:54"}
{"level":"debug","message":"GET in /admin - 18:20:22"}
{"level":"debug","message":"GET in /js/admin.js - 18:20:22"}
{"level":"debug","message":"GET in /css/styleProducts.css - 18:20:22"}
{"level":"debug","message":"DELETE in /api/users/inactive - 18:20:27"}
{"level":"debug","message":"GET in /admin - 18:22:07"}
{"level":"debug","message":"GET in /js/admin.js - 18:22:07"}
{"level":"debug","message":"GET in /css/styleProducts.css - 18:22:07"}
{"level":"debug","message":"DELETE in /api/users/inactive - 18:22:09"}
{"level":"debug","message":"GET in /admin - 18:23:22"}
{"level":"debug","message":"GET in /js/admin.js - 18:23:25"}
{"level":"debug","message":"GET in /css/styleProducts.css - 18:23:25"}
{"level":"debug","message":"DELETE in /api/users/inactive - 18:23:26"}
{"level":"debug","message":"GET in /admin - 18:23:28"}
{"level":"debug","message":"GET in /js/admin.js - 18:23:28"}
{"level":"debug","message":"GET in /css/styleProducts.css - 18:23:28"}
{"level":"debug","message":"GET in /admin - 18:24:29"}
{"level":"debug","message":"GET in /js/admin.js - 18:24:30"}
{"level":"debug","message":"GET in /css/styleProducts.css - 18:24:30"}
{"level":"debug","message":"DELETE in /api/users/inactive - 18:24:42"}
{"level":"debug","message":"GET in /admin - 18:24:43"}
{"level":"debug","message":"GET in /js/admin.js - 18:24:44"}
{"level":"debug","message":"GET in /css/styleProducts.css - 18:24:44"}
{"level":"debug","message":"GET in /profile/products - 18:27:41"}
{"level":"debug","message":"GET in / - 18:27:49"}
{"level":"debug","message":"GET in /css/styleProducts.css - 18:27:49"}
{"level":"debug","message":"GET in /js/login.js - 18:27:49"}
{"level":"debug","message":"POST in /api/sessions/login - 18:28:34"}
{"level":"debug","message":"POST in /api/sessions/login - 18:28:48"}
{"level":"debug","message":"GET in /products - 18:28:50"}
{"level":"debug","message":"GET in /js/products.js - 18:28:50"}
{"level":"debug","message":"GET in /css/styleProducts.css - 18:28:50"}
{"level":"debug","message":"GET in /thumbnails/1681689657952-Gabinete-mid-tower_1.png - 18:28:50"}
{"level":"debug","message":"GET in /thumbnails/1681689704267-Gabinete-gigmatek_1.png - 18:28:50"}
{"level":"debug","message":"GET in /api/sessions/logout - 18:28:54"}
{"level":"debug","message":"GET in / - 18:28:56"}
{"level":"debug","message":"GET in /js/login.js - 18:28:56"}
{"level":"debug","message":"GET in /css/styleProducts.css - 18:28:56"}
{"level":"debug","message":"POST in /api/sessions/login - 18:29:49"}
{"level":"debug","message":"GET in /products - 18:29:51"}
{"level":"debug","message":"GET in /js/products.js - 18:29:52"}
{"level":"debug","message":"GET in /css/styleProducts.css - 18:29:52"}
{"level":"debug","message":"GET in /thumbnails/1681689657952-Gabinete-mid-tower_1.png - 18:29:52"}
{"level":"debug","message":"GET in /thumbnails/1681689704267-Gabinete-gigmatek_1.png - 18:29:52"}
{"level":"debug","message":"GET in /admin - 18:29:54"}
{"level":"debug","message":"GET in /css/styleProducts.css - 18:29:54"}
{"level":"debug","message":"GET in /js/admin.js - 18:29:55"}
{"level":"debug","message":"DELETE in /api/users/inactive - 18:30:12"}
{"level":"debug","message":"DELETE in /api/users/inactive - 18:30:31"}
{"level":"debug","message":"GET in /admin - 18:30:43"}
{"level":"debug","message":"GET in /js/admin.js - 18:30:43"}
{"level":"debug","message":"GET in /css/styleProducts.css - 18:30:43"}
{"level":"debug","message":"GET in /css/styleProducts.css - 18:31:19"}
{"level":"debug","message":"GET in /admin - 18:31:38"}
{"level":"debug","message":"GET in /js/admin.js - 18:31:39"}
{"level":"debug","message":"GET in /css/styleProducts.css - 18:31:39"}
{"level":"debug","message":"GET in /cart/ - 18:31:45"}
{"level":"debug","message":"GET in /products - 18:33:13"}
{"level":"debug","message":"GET in /admin - 18:33:13"}
{"level":"debug","message":"GET in /css/styleProducts.css - 18:33:17"}
{"level":"debug","message":"GET in /js/admin.js - 18:33:17"}
{"level":"debug","message":"GET in /admin - 18:33:22"}
{"level":"debug","message":"GET in /css/styleProducts.css - 18:33:23"}
{"level":"debug","message":"GET in /js/admin.js - 18:33:23"}
{"level":"debug","message":"GET in /products - 18:34:33"}
{"level":"debug","message":"GET in /css/styleProducts.css - 18:34:33"}
{"level":"debug","message":"GET in /js/products.js - 18:34:33"}
{"level":"debug","message":"GET in /thumbnails/1681689657952-Gabinete-mid-tower_1.png - 18:34:33"}
{"level":"debug","message":"GET in /thumbnails/1681689704267-Gabinete-gigmatek_1.png - 18:34:33"}
{"level":"debug","message":"GET in /cart/64dd62a64a437f3be9553b2e - 18:34:34"}
{"level":"debug","message":"GET in /css/styleProducts.css - 18:34:35"}
{"level":"debug","message":"GET in /js/cart.js - 18:34:35"}
{"level":"debug","message":"GET in /admin - 18:34:40"}
{"level":"debug","message":"GET in /css/styleProducts.css - 18:34:40"}
{"level":"debug","message":"GET in /js/admin.js - 18:34:40"}
{"level":"debug","message":"GET in /products - 18:35:22"}
{"level":"debug","message":"GET in /css/styleProducts.css - 18:35:22"}
{"level":"debug","message":"GET in /js/products.js - 18:35:22"}
{"level":"debug","message":"GET in /thumbnails/1681689657952-Gabinete-mid-tower_1.png - 18:35:22"}
{"level":"debug","message":"GET in /thumbnails/1681689704267-Gabinete-gigmatek_1.png - 18:35:22"}
{"level":"debug","message":"GET in /cart/64dd62a64a437f3be9553b2e - 18:35:23"}
{"level":"debug","message":"GET in /css/styleProducts.css - 18:35:23"}
{"level":"debug","message":"GET in /js/cart.js - 18:35:23"}
{"level":"debug","message":"GET in /cart/64dd62a64a437f3be9553b2e - 18:35:59"}
{"level":"debug","message":"GET in /css/styleProducts.css - 18:36:00"}
{"level":"debug","message":"GET in /js/cart.js - 18:36:00"}
{"level":"debug","message":"GET in /cart/64dd62a64a437f3be9553b2e - 18:36:20"}
{"level":"debug","message":"GET in /css/styleProducts.css - 18:36:23"}
{"level":"debug","message":"GET in /js/cart.js - 18:36:23"}
{"level":"debug","message":"GET in /products - 18:43:32"}
{"level":"debug","message":"GET in /api/sessions/logout - 18:43:33"}
{"level":"debug","message":"GET in / - 18:43:35"}
{"level":"debug","message":"GET in /css/styleProducts.css - 18:43:35"}
{"level":"debug","message":"GET in /js/login.js - 18:43:35"}
{"level":"debug","message":"POST in /api/sessions/login - 18:44:10"}
{"level":"debug","message":"GET in /products - 18:44:12"}
{"level":"debug","message":"GET in /css/styleProducts.css - 18:44:13"}
{"level":"debug","message":"GET in /js/products.js - 18:44:13"}
{"level":"debug","message":"GET in /thumbnails/1681689657952-Gabinete-mid-tower_1.png - 18:44:13"}
{"level":"debug","message":"GET in /thumbnails/1681689704267-Gabinete-gigmatek_1.png - 18:44:13"}
{"level":"debug","message":"GET in /products - 18:45:19"}
{"level":"debug","message":"GET in /css/styleProducts.css - 18:45:21"}
{"level":"debug","message":"GET in /js/products.js - 18:45:21"}
{"level":"debug","message":"GET in /thumbnails/1681689657952-Gabinete-mid-tower_1.png - 18:45:21"}
{"level":"debug","message":"GET in /thumbnails/1681689704267-Gabinete-gigmatek_1.png - 18:45:21"}
{"level":"debug","message":"GET in /products - 18:47:11"}
{"level":"debug","message":"GET in /css/styleProducts.css - 18:47:14"}
{"level":"debug","message":"GET in /js/products.js - 18:47:14"}
{"level":"debug","message":"GET in /thumbnails/1681689657952-Gabinete-mid-tower_1.png - 18:47:14"}
{"level":"debug","message":"GET in /thumbnails/1681689704267-Gabinete-gigmatek_1.png - 18:47:14"}
{"level":"debug","message":"GET in /products - 18:49:58"}
{"level":"debug","message":"GET in /css/styleProducts.css - 18:49:58"}
{"level":"debug","message":"GET in /js/products.js - 18:49:58"}
{"level":"debug","message":"GET in /thumbnails/1681689657952-Gabinete-mid-tower_1.png - 18:49:59"}
{"level":"debug","message":"GET in /thumbnails/1681689704267-Gabinete-gigmatek_1.png - 18:49:59"}
{"level":"debug","message":"GET in /js/logoutfunction.js - 18:49:59"}
{"level":"debug","message":"GET in /api/sessions/logout - 18:50:01"}
{"level":"debug","message":"GET in / - 18:50:03"}
{"level":"debug","message":"GET in /css/styleProducts.css - 18:50:03"}
{"level":"debug","message":"GET in /js/login.js - 18:50:03"}
{"level":"debug","message":"POST in /api/sessions/login - 19:10:24"}
{"level":"debug","message":"GET in /products - 19:10:26"}
{"level":"debug","message":"GET in /css/styleProducts.css - 19:10:27"}
{"level":"debug","message":"GET in /js/products.js - 19:10:27"}
{"level":"debug","message":"GET in /js/logoutfunction.js - 19:10:27"}
{"level":"debug","message":"GET in /thumbnails/1681689657952-Gabinete-mid-tower_1.png - 19:10:27"}
{"level":"debug","message":"GET in /thumbnails/1681689704267-Gabinete-gigmatek_1.png - 19:10:27"}
{"level":"debug","message":"GET in /admin - 19:10:29"}
{"level":"debug","message":"GET in /css/styleProducts.css - 19:10:30"}
{"level":"debug","message":"GET in /js/admin.js - 19:10:30"}
{"level":"debug","message":"GET in /js/logoutfunction.js - 19:10:30"}
{"level":"debug","message":"DELETE in /api/users/inactive - 19:11:54"}
{"level":"debug","message":"GET in /admin - 19:11:56"}
{"level":"debug","message":"GET in /js/admin.js - 19:11:57"}
{"level":"debug","message":"GET in /css/styleProducts.css - 19:11:57"}
{"level":"debug","message":"GET in /js/logoutfunction.js - 19:11:57"}
{"level":"debug","message":"GET in /api/sessions/logout - 19:12:41"}
{"level":"debug","message":"GET in / - 19:12:47"}
{"level":"debug","message":"GET in /css/styleProducts.css - 19:12:47"}
{"level":"debug","message":"GET in /js/login.js - 19:12:47"}
{"level":"debug","message":"POST in /api/sessions/login - 19:18:21"}
{"level":"debug","message":"GET in /products - 19:18:23"}
{"level":"debug","message":"GET in /js/products.js - 19:18:24"}
{"level":"debug","message":"GET in /css/styleProducts.css - 19:18:24"}
{"level":"debug","message":"GET in /js/logoutfunction.js - 19:18:24"}
{"level":"debug","message":"GET in /thumbnails/1681689657952-Gabinete-mid-tower_1.png - 19:18:24"}
{"level":"debug","message":"GET in /thumbnails/1681689704267-Gabinete-gigmatek_1.png - 19:18:24"}
{"level":"debug","message":"GET in /admin - 19:18:26"}
{"level":"debug","message":"GET in /css/styleProducts.css - 19:18:26"}
{"level":"debug","message":"GET in /js/admin.js - 19:18:26"}
{"level":"debug","message":"GET in /js/logoutfunction.js - 19:18:26"}
{"level":"debug","message":"DELETE in /api/users/inactive - 19:18:34"}
{"level":"debug","message":"GET in /admin - 19:18:37"}
{"level":"debug","message":"GET in /js/admin.js - 19:18:37"}
{"level":"debug","message":"GET in /css/styleProducts.css - 19:18:37"}
{"level":"debug","message":"GET in /js/logoutfunction.js - 19:18:37"}
{"level":"debug","message":"GET in /api/sessions/logout - 19:20:32"}
{"level":"debug","message":"GET in / - 19:20:34"}
{"level":"debug","message":"GET in /js/login.js - 19:20:34"}
{"level":"debug","message":"GET in /css/styleProducts.css - 19:20:34"}
{"level":"debug","message":"POST in /api/sessions/login - 19:21:10"}
{"level":"debug","message":"GET in /products - 19:21:12"}
{"level":"debug","message":"GET in /js/products.js - 19:21:12"}
{"level":"debug","message":"GET in /css/styleProducts.css - 19:21:12"}
{"level":"debug","message":"GET in /js/logoutfunction.js - 19:21:12"}
{"level":"debug","message":"GET in /thumbnails/1681689657952-Gabinete-mid-tower_1.png - 19:21:12"}
{"level":"debug","message":"GET in /thumbnails/1681689704267-Gabinete-gigmatek_1.png - 19:21:12"}
{"level":"debug","message":"GET in /admin - 19:21:14"}
{"level":"debug","message":"GET in /css/styleProducts.css - 19:21:15"}
{"level":"debug","message":"GET in /js/admin.js - 19:21:15"}
{"level":"debug","message":"GET in /js/logoutfunction.js - 19:21:15"}
{"level":"debug","message":"GET in /cart/64dd62a64a437f3be9553b2e - 19:21:15"}
{"level":"debug","message":"GET in /css/styleProducts.css - 19:21:16"}
{"level":"debug","message":"GET in /js/cart.js - 19:21:16"}
{"level":"debug","message":"GET in /js/logoutfunction.js - 19:21:16"}
{"level":"debug","message":"GET in /admin - 19:21:17"}
{"level":"debug","message":"GET in /css/styleProducts.css - 19:21:17"}
{"level":"debug","message":"GET in /js/admin.js - 19:21:17"}
{"level":"debug","message":"GET in /js/logoutfunction.js - 19:21:17"}
{"level":"debug","message":"DELETE in /api/users/inactive - 19:21:23"}
{"level":"debug","message":"GET in /admin - 19:21:27"}
{"level":"debug","message":"GET in /js/admin.js - 19:21:27"}
{"level":"debug","message":"GET in /css/styleProducts.css - 19:21:27"}
{"level":"debug","message":"GET in /js/logoutfunction.js - 19:21:27"}
{"level":"debug","message":"GET in /admin - 19:23:08"}
{"level":"debug","message":"GET in /js/admin.js - 19:23:09"}
{"level":"debug","message":"GET in /css/styleProducts.css - 19:23:09"}
{"level":"debug","message":"GET in /js/logoutfunction.js - 19:23:09"}
{"level":"debug","message":"GET in /admin - 19:23:12"}
{"level":"debug","message":"GET in /js/admin.js - 19:23:12"}
{"level":"debug","message":"GET in /css/styleProducts.css - 19:23:12"}
{"level":"debug","message":"GET in /js/logoutfunction.js - 19:23:12"}
{"level":"debug","message":"GET in /products - 19:23:19"}
{"level":"debug","message":"GET in /css/styleProducts.css - 19:23:20"}
{"level":"debug","message":"GET in /js/products.js - 19:23:20"}
{"level":"debug","message":"GET in /js/logoutfunction.js - 19:23:20"}
{"level":"debug","message":"GET in /thumbnails/1681689657952-Gabinete-mid-tower_1.png - 19:23:20"}
{"level":"debug","message":"GET in /thumbnails/1681689704267-Gabinete-gigmatek_1.png - 19:23:20"}
{"level":"debug","message":"GET in /admin - 19:23:22"}
{"level":"debug","message":"GET in /js/admin.js - 19:23:22"}
{"level":"debug","message":"GET in /css/styleProducts.css - 19:23:22"}
{"level":"debug","message":"GET in /js/logoutfunction.js - 19:23:22"}
{"level":"debug","message":"GET in /admin - 19:24:19"}
{"level":"debug","message":"GET in /js/admin.js - 19:24:20"}
{"level":"debug","message":"GET in /css/styleProducts.css - 19:24:20"}
{"level":"debug","message":"GET in /js/logoutfunction.js - 19:24:20"}
{"level":"debug","message":"GET in /admin - 19:24:31"}
{"level":"debug","message":"GET in /js/admin.js - 19:24:31"}
{"level":"debug","message":"GET in /css/styleProducts.css - 19:24:31"}
{"level":"debug","message":"GET in /js/logoutfunction.js - 19:24:31"}
{"level":"debug","message":"GET in /api/sessions/logout - 19:48:45"}
{"level":"debug","message":"GET in / - 19:48:46"}
{"level":"debug","message":"GET in /css/styleProducts.css - 19:48:46"}
{"level":"debug","message":"GET in /js/login.js - 19:48:46"}
{"level":"debug","message":"POST in /api/sessions/login - 19:50:38"}
{"level":"debug","message":"GET in /products - 19:50:40"}
{"level":"debug","message":"GET in /css/styleProducts.css - 19:50:41"}
{"level":"debug","message":"GET in /js/products.js - 19:50:41"}
{"level":"debug","message":"GET in /js/logoutfunction.js - 19:50:41"}
{"level":"debug","message":"GET in /thumbnails/1681689657952-Gabinete-mid-tower_1.png - 19:50:41"}
{"level":"debug","message":"GET in /thumbnails/1681689704267-Gabinete-gigmatek_1.png - 19:50:41"}
{"level":"debug","message":"GET in /cart/64dd62fa4a437f3be9553b33 - 19:50:42"}
{"level":"debug","message":"GET in /css/styleProducts.css - 19:50:42"}
{"level":"debug","message":"GET in /js/cart.js - 19:50:42"}
{"level":"debug","message":"GET in /js/logoutfunction.js - 19:50:42"}
{"level":"debug","message":"GET in /products - 19:50:45"}
{"level":"debug","message":"GET in /css/styleProducts.css - 19:50:45"}
{"level":"debug","message":"GET in /js/products.js - 19:50:45"}
{"level":"debug","message":"GET in /thumbnails/1681689657952-Gabinete-mid-tower_1.png - 19:50:45"}
{"level":"debug","message":"GET in /thumbnails/1681689704267-Gabinete-gigmatek_1.png - 19:50:45"}
{"level":"debug","message":"GET in /js/logoutfunction.js - 19:50:45"}
{"level":"debug","message":"POST in /api/carts/64dd62fa4a437f3be9553b33/product/64b45c1e2e71b72e3bb2ecd5 - 19:50:50"}
{"level":"debug","message":"GET in /cart/64dd62fa4a437f3be9553b33 - 19:50:55"}
{"level":"debug","message":"GET in /css/styleProducts.css - 19:50:55"}
{"level":"debug","message":"GET in /js/cart.js - 19:50:55"}
{"level":"debug","message":"GET in /js/logoutfunction.js - 19:50:55"}
{"level":"debug","message":"GET in /thumbnails/1681689657952-Gabinete-mid-tower_1.png - 19:50:55"}
{"level":"debug","message":"GET in /api/payments/create-payment-intent - 19:50:56"}
{"level":"debug","message":"GET in /cart/64dd62fa4a437f3be9553b33/purchase - 19:51:26"}
{"level":"debug","message":"GET in /css/styleProducts.css - 19:51:28"}
{"level":"debug","message":"GET in /products - 19:51:32"}
{"level":"debug","message":"GET in /css/styleProducts.css - 19:51:33"}
{"level":"debug","message":"GET in /js/products.js - 19:51:33"}
{"level":"debug","message":"GET in /js/logoutfunction.js - 19:51:33"}
{"level":"debug","message":"GET in /thumbnails/1681689657952-Gabinete-mid-tower_1.png - 19:51:33"}
{"level":"debug","message":"GET in /thumbnails/1681689704267-Gabinete-gigmatek_1.png - 19:51:33"}
{"level":"debug","message":"POST in /api/sessions/login - 20:19:18"}
{"level":"debug","message":"GET in /api/products - 20:19:33"}
{"level":"debug","message":"POST in /api/carts/64dd62a74a437f3be9553b30/product/64b45c1e2e71b72e3bb2ecd9 - 20:21:42"}
{"level":"debug","message":"GET in / - 18:07:28"}
{"level":"debug","message":"GET in /css/styleProducts.css - 18:07:28"}
{"level":"debug","message":"GET in /js/login.js - 18:07:28"}
{"level":"debug","message":"GET in / - 18:07:55"}
{"level":"debug","message":"GET in /css/styleProducts.css - 18:07:55"}
{"level":"debug","message":"GET in /js/login.js - 18:07:55"}
{"level":"debug","message":"GET in /thumbnails/1681689657952-Gabinete-mid-tower_1.png - 18:09:49"}
{"level":"debug","message":"GET in /thumbnails/1681689704267-Gabinete-gigmatek_1.png - 18:09:49"}
{"level":"debug","message":"GET in /thumbnails/1681689464000-Micro-Procesador-Ryzen-5-4500-6-Nucleos-4.1ghz-Amd-Ddr4.png - 18:09:58"}
{"level":"debug","message":"GET in /thumbnails/1681689657952-Gabinete-mid-tower_1.png - 18:09:59"}
{"level":"debug","message":"GET in /thumbnails/1681689464000-Micro-Procesador-Ryzen-5-4500-6-Nucleos-4.1ghz-Amd-Ddr4.png - 18:10:32"}
{"level":"debug","message":"GET in /thumbnails/1681689657952-Gabinete-mid-tower_1.png - 18:10:32"}
{"level":"debug","message":"GET in /thumbnails/1681689657952-Gabinete-mid-tower_1.png - 18:11:14"}
{"level":"debug","message":"GET in /thumbnails/1681689704267-Gabinete-gigmatek_1.png - 18:11:14"}
{"level":"debug","message":"GET in /thumbnails/1681689657952-Gabinete-mid-tower_1.png - 18:12:20"}
{"level":"debug","message":"GET in /thumbnails/1681689704267-Gabinete-gigmatek_1.png - 18:12:20"}
{"level":"debug","message":"GET in /thumbnails/1681689657952-Gabinete-mid-tower_1.png - 18:13:57"}
{"level":"debug","message":"GET in /thumbnails/1681689704267-Gabinete-gigmatek_1.png - 18:13:57"}
{"level":"debug","message":"GET in / - 18:14:30"}
{"level":"debug","message":"GET in /css/styleProducts.css - 18:14:30"}
{"level":"debug","message":"GET in /js/login.js - 18:14:30"}
{"level":"debug","message":"POST in /api/sessions/login - 18:14:34"}
{"level":"debug","message":"GET in /products - 18:14:36"}
{"level":"debug","message":"GET in /css/styleProducts.css - 18:14:36"}
{"level":"debug","message":"GET in /js/products.js - 18:14:36"}
{"level":"debug","message":"GET in /thumbnails/1681689704267-Gabinete-gigmatek_1.png - 18:14:36"}
{"level":"debug","message":"GET in /thumbnails/1681689657952-Gabinete-mid-tower_1.png - 18:14:36"}
{"level":"debug","message":"GET in /js/logoutfunction.js - 18:14:36"}
{"level":"debug","message":"GET in /cart/64dd62fa4a437f3be9553b33 - 18:14:39"}
{"level":"debug","message":"GET in /css/styleProducts.css - 18:14:39"}
{"level":"debug","message":"GET in /js/cart.js - 18:14:39"}
{"level":"debug","message":"GET in /js/logoutfunction.js - 18:14:39"}
{"level":"debug","message":"GET in /products - 18:14:40"}
{"level":"debug","message":"GET in /css/styleProducts.css - 18:14:40"}
{"level":"debug","message":"GET in /js/products.js - 18:14:40"}
{"level":"debug","message":"GET in /thumbnails/1681689657952-Gabinete-mid-tower_1.png - 18:14:40"}
{"level":"debug","message":"GET in /thumbnails/1681689704267-Gabinete-gigmatek_1.png - 18:14:40"}
{"level":"debug","message":"GET in /js/logoutfunction.js - 18:14:40"}
{"level":"debug","message":"GET in /api/sessions/logout - 18:16:38"}
{"level":"debug","message":"GET in / - 18:16:39"}
{"level":"debug","message":"GET in /css/styleProducts.css - 18:16:39"}
{"level":"debug","message":"GET in /js/login.js - 18:16:39"}
{"level":"debug","message":"GET in / - 18:39:21"}
{"level":"debug","message":"GET in /css/styleProducts.css - 18:39:21"}
{"level":"debug","message":"GET in /js/login.js - 18:39:21"}
{"level":"debug","message":"GET in /api/sessions/github - 18:39:23"}
{"level":"debug","message":"GET in /api/sessions/githubcallback?code=80c8424b96dd7695171d - 18:39:23"}
{"level":"debug","message":"GET in /products - 18:39:25"}
{"level":"debug","message":"GET in /css/styleProducts.css - 18:39:25"}
{"level":"debug","message":"GET in /js/products.js - 18:39:25"}
{"level":"debug","message":"GET in /thumbnails/1681689704267-Gabinete-gigmatek_1.png - 18:39:25"}
{"level":"debug","message":"GET in /thumbnails/1681689657952-Gabinete-mid-tower_1.png - 18:39:25"}
{"level":"debug","message":"GET in /js/logoutfunction.js - 18:39:25"}
{"level":"debug","message":"GET in /api/sessions/logout - 18:39:29"}
{"level":"debug","message":"GET in / - 18:39:30"}
{"level":"debug","message":"GET in /css/styleProducts.css - 18:39:31"}
{"level":"debug","message":"GET in /js/login.js - 18:39:31"}
{"level":"debug","message":"GET in / - 18:43:03"}
{"level":"debug","message":"GET in /css/styleProducts.css - 18:43:03"}
{"level":"debug","message":"GET in /js/login.js - 18:43:03"}
{"level":"debug","message":"GET in /api/sessions/github - 18:43:04"}
{"level":"debug","message":"GET in /api/sessions/githubcallback?code=bdbf9acf20c5d86ba126 - 18:43:05"}
{"level":"debug","message":"GET in /products - 18:43:06"}
{"level":"debug","message":"GET in /css/styleProducts.css - 18:43:08"}
{"level":"debug","message":"GET in /js/products.js - 18:43:08"}
{"level":"debug","message":"GET in /js/logoutfunction.js - 18:43:08"}
{"level":"debug","message":"GET in /thumbnails/1681689657952-Gabinete-mid-tower_1.png - 18:43:08"}
{"level":"debug","message":"GET in /thumbnails/1681689704267-Gabinete-gigmatek_1.png - 18:43:08"}
{"level":"debug","message":"GET in /api/sessions/logout - 18:48:18"}
{"level":"debug","message":"GET in / - 18:48:20"}
{"level":"debug","message":"GET in /css/styleProducts.css - 18:48:20"}
{"level":"debug","message":"GET in /js/login.js - 18:48:20"}
{"level":"debug","message":"GET in / - 18:48:23"}
{"level":"debug","message":"GET in /css/styleProducts.css - 18:48:23"}
{"level":"debug","message":"GET in /js/login.js - 18:48:23"}
{"level":"debug","message":"GET in /api/sessions/github - 18:48:25"}
{"level":"debug","message":"GET in /api/sessions/githubcallback?code=0cfdce510cb3de98b377 - 18:48:25"}
{"level":"debug","message":"GET in /products - 18:48:26"}
{"level":"debug","message":"GET in /css/styleProducts.css - 18:48:27"}
{"level":"debug","message":"GET in /js/products.js - 18:48:27"}
{"level":"debug","message":"GET in /js/logoutfunction.js - 18:48:27"}
{"level":"debug","message":"GET in /thumbnails/1681689657952-Gabinete-mid-tower_1.png - 18:48:27"}
{"level":"debug","message":"GET in /thumbnails/1681689704267-Gabinete-gigmatek_1.png - 18:48:27"}
{"level":"debug","message":"GET in /api/sessions/logout - 18:48:28"}
{"level":"debug","message":"GET in / - 18:48:29"}
{"level":"debug","message":"GET in /css/styleProducts.css - 18:48:29"}
{"level":"debug","message":"GET in /js/login.js - 18:48:29"}
{"level":"info","message":"GET in /api/sessions/githubcallback?code=d3b20d749ad3bd5b914b - 19:55:26"}
{"level":"info","message":"GET in / - 19:55:32"}
{"level":"info","message":"GET in /css/styleProducts.css - 19:55:32"}
{"level":"info","message":"GET in /js/login.js - 19:55:32"}
{"level":"info","message":"POST in /api/sessions/login - 19:55:38"}
{"level":"info","message":"GET in /products - 19:55:41"}
{"level":"info","message":"GET in /css/styleProducts.css - 19:55:42"}
{"level":"info","message":"GET in /js/products.js - 19:55:42"}
{"level":"info","message":"GET in /thumbnails/1681689657952-Gabinete-mid-tower_1.png - 19:55:42"}
{"level":"info","message":"GET in /thumbnails/1681689704267-Gabinete-gigmatek_1.png - 19:55:42"}
{"level":"info","message":"GET in /js/logoutfunction.js - 19:55:42"}
{"level":"info","message":"GET in /api/sessions/logout - 19:59:35"}
{"level":"info","message":"GET in / - 19:59:36"}
{"level":"info","message":"GET in /js/login.js - 19:59:37"}
{"level":"info","message":"GET in /css/styleProducts.css - 19:59:37"}
{"level":"info","message":"GET in /css/styleProducts.css - 19:59:40"}
{"level":"info","message":"POST in /api/sessions/login - 20:00:03"}
{"level":"info","message":"GET in /products - 20:00:06"}
{"level":"info","message":"GET in /css/styleProducts.css - 20:00:06"}
{"level":"info","message":"GET in /js/products.js - 20:00:06"}
{"level":"info","message":"GET in /js/logoutfunction.js - 20:00:06"}
{"level":"info","message":"GET in /thumbnails/1681689657952-Gabinete-mid-tower_1.png - 20:00:06"}
{"level":"info","message":"GET in /thumbnails/1681689704267-Gabinete-gigmatek_1.png - 20:00:06"}
{"level":"info","message":"GET in /api/sessions/logout - 20:00:54"}
{"level":"info","message":"GET in / - 20:00:56"}
{"level":"info","message":"GET in /css/styleProducts.css - 20:00:56"}
{"level":"info","message":"GET in /js/login.js - 20:00:56"}
{"level":"info","message":"GET in / - 20:01:05"}
{"level":"info","message":"GET in /js/login.js - 20:01:05"}
{"level":"info","message":"GET in /css/styleProducts.css - 20:01:05"}
{"level":"info","message":"POST in /api/sessions/login - 20:01:11"}
{"level":"info","message":"GET in /products - 20:01:13"}
{"level":"info","message":"GET in /css/styleProducts.css - 20:01:14"}
{"level":"info","message":"GET in /js/products.js - 20:01:14"}
{"level":"info","message":"GET in /js/logoutfunction.js - 20:01:14"}
{"level":"info","message":"GET in /thumbnails/1681689657952-Gabinete-mid-tower_1.png - 20:01:14"}
{"level":"info","message":"GET in /thumbnails/1681689704267-Gabinete-gigmatek_1.png - 20:01:14"}
{"level":"info","message":"GET in / - 20:02:43"}
{"level":"info","message":"GET in /css/styleProducts.css - 20:02:43"}
{"level":"info","message":"GET in /js/login.js - 20:02:43"}
{"level":"info","message":"POST in /api/sessions/login - 20:02:48"}
{"level":"info","message":"GET in /products - 20:02:51"}
{"level":"info","message":"GET in /css/styleProducts.css - 20:02:52"}
{"level":"info","message":"GET in /js/products.js - 20:02:52"}
{"level":"info","message":"GET in /thumbnails/1681689657952-Gabinete-mid-tower_1.png - 20:02:52"}
{"level":"info","message":"GET in /thumbnails/1681689704267-Gabinete-gigmatek_1.png - 20:02:52"}
{"level":"info","message":"GET in /js/logoutfunction.js - 20:02:52"}
{"level":"debug","message":"GET in /api/sessions/githubcallback?code=c88aa8b2144c509e6993 - 20:21:03"}
{"level":"debug","message":"GET in /products - 20:21:04"}
{"level":"debug","message":"GET in /css/styleProducts.css - 20:21:04"}
{"level":"debug","message":"GET in /js/products.js - 20:21:04"}
{"level":"debug","message":"GET in /thumbnails/1681689657952-Gabinete-mid-tower_1.png - 20:21:04"}
{"level":"debug","message":"GET in /thumbnails/1681689704267-Gabinete-gigmatek_1.png - 20:21:04"}
{"level":"debug","message":"GET in /js/logoutfunction.js - 20:21:04"}
{"level":"debug","message":"GET in /api/sessions/logout - 20:21:07"}
{"level":"debug","message":"GET in / - 20:21:09"}
{"level":"debug","message":"GET in /css/styleProducts.css - 20:21:09"}
{"level":"debug","message":"GET in /js/login.js - 20:21:09"}
{"level":"debug","message":"GET in / - 21:12:48"}
{"level":"debug","message":"GET in /css/styleProducts.css - 21:12:48"}
{"level":"debug","message":"GET in /js/login.js - 21:12:49"}
{"level":"debug","message":"POST in /api/sessions/login - 21:13:00"}
{"level":"debug","message":"GET in /products - 21:13:02"}
{"level":"debug","message":"GET in /css/styleProducts.css - 21:13:03"}
{"level":"debug","message":"GET in /thumbnails/1681689657952-Gabinete-mid-tower_1.png - 21:13:03"}
{"level":"debug","message":"GET in /thumbnails/1681689704267-Gabinete-gigmatek_1.png - 21:13:03"}
{"level":"debug","message":"GET in /js/products.js - 21:13:03"}
{"level":"debug","message":"GET in /js/logoutfunction.js - 21:13:03"}
{"level":"debug","message":"GET in /cart/64dd62fa4a437f3be9553b33 - 21:13:05"}
{"level":"debug","message":"GET in /css/styleProducts.css - 21:13:05"}
{"level":"debug","message":"GET in /js/cart.js - 21:13:05"}
{"level":"debug","message":"GET in /js/logoutfunction.js - 21:13:05"}
{"level":"debug","message":"POST in /api/carts/64dd62fa4a437f3be9553b33/product/64b45c1e2e71b72e3bb2ecd5 - 21:13:09"}
{"level":"debug","message":"GET in /products - 21:13:10"}
{"level":"debug","message":"GET in /css/styleProducts.css - 21:13:10"}
{"level":"debug","message":"GET in /js/products.js - 21:13:10"}
{"level":"debug","message":"GET in /js/logoutfunction.js - 21:13:10"}
{"level":"debug","message":"GET in /thumbnails/1681689657952-Gabinete-mid-tower_1.png - 21:13:10"}
{"level":"debug","message":"GET in /thumbnails/1681689704267-Gabinete-gigmatek_1.png - 21:13:10"}
{"level":"debug","message":"GET in / - 21:17:34"}
{"level":"debug","message":"GET in /css/styleProducts.css - 21:17:34"}
{"level":"debug","message":"GET in /js/login.js - 21:17:34"}
{"level":"debug","message":"POST in /api/sessions/login - 21:18:19"}
{"level":"debug","message":"GET in /products - 21:18:21"}
{"level":"debug","message":"GET in /css/styleProducts.css - 21:18:22"}
{"level":"debug","message":"GET in /js/products.js - 21:18:22"}
{"level":"debug","message":"GET in /thumbnails/1681689657952-Gabinete-mid-tower_1.png - 21:18:22"}
{"level":"debug","message":"GET in /thumbnails/1681689704267-Gabinete-gigmatek_1.png - 21:18:22"}
{"level":"debug","message":"GET in /js/logoutfunction.js - 21:18:22"}
{"level":"debug","message":"POST in /api/carts/64dd62fa4a437f3be9553b33/product/64b45c1e2e71b72e3bb2ecd5 - 21:18:24"}
{"level":"debug","message":"GET in /cart/64dd62fa4a437f3be9553b33 - 21:18:38"}
{"level":"debug","message":"GET in /css/styleProducts.css - 21:18:38"}
{"level":"debug","message":"GET in /js/cart.js - 21:18:38"}
{"level":"debug","message":"GET in /js/logoutfunction.js - 21:18:38"}
{"level":"debug","message":"GET in /thumbnails/1681689657952-Gabinete-mid-tower_1.png - 21:18:38"}
{"level":"debug","message":"GET in /api/payments/create-payment-intent - 21:18:38"}
{"level":"debug","message":"DELETE in /api/carts/64dd62fa4a437f3be9553b33/product/64b45c1e2e71b72e3bb2ecd5 - 21:18:39"}
{"level":"debug","message":"GET in /cart/64dd62fa4a437f3be9553b33 - 21:18:44"}
{"level":"debug","message":"GET in /js/cart.js - 21:18:44"}
{"level":"debug","message":"GET in /css/styleProducts.css - 21:18:44"}
{"level":"debug","message":"GET in /js/logoutfunction.js - 21:18:44"}
{"level":"debug","message":"GET in /cart/64dd62fa4a437f3be9553b33 - 21:19:17"}
{"level":"debug","message":"GET in /css/styleProducts.css - 21:19:19"}
{"level":"debug","message":"GET in /js/cart.js - 21:19:19"}
{"level":"debug","message":"GET in /js/logoutfunction.js - 21:19:19"}
{"level":"debug","message":"GET in /products - 21:19:20"}
{"level":"debug","message":"GET in /css/styleProducts.css - 21:19:20"}
{"level":"debug","message":"GET in /js/products.js - 21:19:20"}
{"level":"debug","message":"GET in /js/logoutfunction.js - 21:19:20"}
{"level":"debug","message":"GET in /thumbnails/1681689657952-Gabinete-mid-tower_1.png - 21:19:20"}
{"level":"debug","message":"GET in /thumbnails/1681689704267-Gabinete-gigmatek_1.png - 21:19:20"}
{"level":"debug","message":"POST in /api/carts/64dd62fa4a437f3be9553b33/product/64b45c1e2e71b72e3bb2ecd5 - 21:19:22"}
{"level":"debug","message":"GET in /products - 21:19:53"}
{"level":"debug","message":"GET in /css/styleProducts.css - 21:19:56"}
{"level":"debug","message":"GET in /js/products.js - 21:19:56"}
{"level":"debug","message":"GET in /thumbnails/1681689657952-Gabinete-mid-tower_1.png - 21:19:56"}
{"level":"debug","message":"GET in /thumbnails/1681689704267-Gabinete-gigmatek_1.png - 21:19:56"}
{"level":"debug","message":"GET in /js/logoutfunction.js - 21:19:56"}
{"level":"debug","message":"GET in /cart/64dd62fa4a437f3be9553b33 - 21:19:57"}
{"level":"debug","message":"GET in /css/styleProducts.css - 21:19:57"}
{"level":"debug","message":"GET in /js/cart.js - 21:19:57"}
{"level":"debug","message":"GET in /thumbnails/1681689657952-Gabinete-mid-tower_1.png - 21:19:57"}
{"level":"debug","message":"GET in /js/logoutfunction.js - 21:19:57"}
{"level":"debug","message":"GET in /api/payments/create-payment-intent - 21:19:58"}
{"level":"debug","message":"DELETE in /api/carts/64dd62fa4a437f3be9553b33/product/64b45c1e2e71b72e3bb2ecd5 - 21:19:59"}
{"level":"debug","message":"GET in /cart/64dd62fa4a437f3be9553b33 - 21:20:03"}
{"level":"debug","message":"GET in /js/cart.js - 21:20:03"}
{"level":"debug","message":"GET in /css/styleProducts.css - 21:20:03"}
{"level":"debug","message":"GET in /js/logoutfunction.js - 21:20:03"}
{"level":"debug","message":"GET in /products - 21:20:08"}
{"level":"debug","message":"GET in /js/products.js - 21:20:09"}
{"level":"debug","message":"GET in /css/styleProducts.css - 21:20:09"}
{"level":"debug","message":"GET in /js/logoutfunction.js - 21:20:09"}
{"level":"debug","message":"GET in /thumbnails/1681689657952-Gabinete-mid-tower_1.png - 21:20:09"}
{"level":"debug","message":"GET in /thumbnails/1681689704267-Gabinete-gigmatek_1.png - 21:20:09"}
{"level":"debug","message":"POST in /api/carts/64dd62fa4a437f3be9553b33/product/64b45c1e2e71b72e3bb2ecd6 - 21:20:10"}
{"level":"debug","message":"GET in /products - 21:21:09"}
{"level":"debug","message":"GET in /css/styleProducts.css - 21:21:10"}
{"level":"debug","message":"GET in /js/products.js - 21:21:10"}
{"level":"debug","message":"GET in /js/logoutfunction.js - 21:21:10"}
{"level":"debug","message":"GET in /thumbnails/1681689657952-Gabinete-mid-tower_1.png - 21:21:10"}
{"level":"debug","message":"GET in /thumbnails/1681689704267-Gabinete-gigmatek_1.png - 21:21:10"}
{"level":"debug","message":"POST in /api/carts/64dd62fa4a437f3be9553b33/product/64b45c1e2e71b72e3bb2ecd5 - 21:21:17"}
{"level":"debug","message":"GET in /products - 21:21:52"}
{"level":"debug","message":"GET in /css/styleProducts.css - 21:21:54"}
{"level":"debug","message":"GET in /js/products.js - 21:21:54"}
{"level":"debug","message":"GET in /thumbnails/1681689657952-Gabinete-mid-tower_1.png - 21:21:54"}
{"level":"debug","message":"GET in /thumbnails/1681689704267-Gabinete-gigmatek_1.png - 21:21:54"}
{"level":"debug","message":"GET in /js/logoutfunction.js - 21:21:54"}
{"level":"debug","message":"POST in /api/carts/64dd62fa4a437f3be9553b33/product/64b45c1e2e71b72e3bb2ecd5 - 21:21:58"}
{"level":"debug","message":"GET in /products - 21:22:53"}
{"level":"debug","message":"GET in /css/styleProducts.css - 21:22:53"}
{"level":"debug","message":"GET in /js/products.js - 21:22:53"}
{"level":"debug","message":"GET in /thumbnails/1681689657952-Gabinete-mid-tower_1.png - 21:22:53"}
{"level":"debug","message":"GET in /thumbnails/1681689704267-Gabinete-gigmatek_1.png - 21:22:53"}
{"level":"debug","message":"GET in /js/logoutfunction.js - 21:22:53"}
{"level":"debug","message":"POST in /api/carts/64dd62fa4a437f3be9553b33/product/64b45c1e2e71b72e3bb2ecd5 - 21:22:56"}
{"level":"debug","message":"GET in /products - 21:22:58"}
{"level":"debug","message":"GET in /css/styleProducts.css - 21:22:58"}
{"level":"debug","message":"GET in /js/products.js - 21:22:58"}
{"level":"debug","message":"GET in /js/logoutfunction.js - 21:22:58"}
{"level":"debug","message":"GET in /thumbnails/1681689657952-Gabinete-mid-tower_1.png - 21:22:58"}
{"level":"debug","message":"GET in /thumbnails/1681689704267-Gabinete-gigmatek_1.png - 21:22:58"}
{"level":"debug","message":"GET in /cart/64dd62fa4a437f3be9553b33 - 21:23:01"}
{"level":"debug","message":"GET in /css/styleProducts.css - 21:23:01"}
{"level":"debug","message":"GET in /js/cart.js - 21:23:01"}
{"level":"debug","message":"GET in /js/logoutfunction.js - 21:23:01"}
{"level":"debug","message":"GET in /thumbnails/1681689704267-Gabinete-gigmatek_1.png - 21:23:01"}
{"level":"debug","message":"GET in /thumbnails/1681689657952-Gabinete-mid-tower_1.png - 21:23:01"}
{"level":"debug","message":"GET in /api/payments/create-payment-intent - 21:23:01"}
{"level":"debug","message":"DELETE in /api/carts/64dd62fa4a437f3be9553b33/product/64b45c1e2e71b72e3bb2ecd6 - 21:23:03"}
{"level":"debug","message":"DELETE in /api/carts/64dd62fa4a437f3be9553b33/product/64b45c1e2e71b72e3bb2ecd5 - 21:23:06"}
{"level":"debug","message":"GET in /cart/64dd62fa4a437f3be9553b33 - 21:23:08"}
{"level":"debug","message":"GET in /css/styleProducts.css - 21:23:09"}
{"level":"debug","message":"GET in /js/cart.js - 21:23:09"}
{"level":"debug","message":"GET in /js/logoutfunction.js - 21:23:09"}
{"level":"debug","message":"GET in /products - 21:23:50"}
{"level":"debug","message":"GET in /css/styleProducts.css - 21:23:50"}
{"level":"debug","message":"GET in /js/products.js - 21:23:50"}
{"level":"debug","message":"GET in /js/logoutfunction.js - 21:23:50"}
{"level":"debug","message":"GET in /thumbnails/1681689657952-Gabinete-mid-tower_1.png - 21:23:50"}
{"level":"debug","message":"GET in /thumbnails/1681689704267-Gabinete-gigmatek_1.png - 21:23:50"}
{"level":"debug","message":"POST in /api/carts/64dd62fa4a437f3be9553b33/product/64b45c1e2e71b72e3bb2ecd5 - 21:23:55"}
{"level":"debug","message":"GET in /products - 21:23:58"}
{"level":"debug","message":"GET in /css/styleProducts.css - 21:23:59"}
{"level":"debug","message":"GET in /js/products.js - 21:23:59"}
{"level":"debug","message":"GET in /js/logoutfunction.js - 21:23:59"}
{"level":"debug","message":"GET in /thumbnails/1681689657952-Gabinete-mid-tower_1.png - 21:23:59"}
{"level":"debug","message":"GET in /thumbnails/1681689704267-Gabinete-gigmatek_1.png - 21:23:59"}
{"level":"debug","message":"GET in /products - 21:24:34"}
{"level":"debug","message":"GET in /css/styleProducts.css - 21:24:36"}
{"level":"debug","message":"GET in /js/products.js - 21:24:36"}
{"level":"debug","message":"GET in /thumbnails/1681689657952-Gabinete-mid-tower_1.png - 21:24:36"}
{"level":"debug","message":"GET in /thumbnails/1681689704267-Gabinete-gigmatek_1.png - 21:24:36"}
{"level":"debug","message":"GET in /js/logoutfunction.js - 21:24:36"}
{"level":"debug","message":"POST in /api/carts/64dd62fa4a437f3be9553b33/product/64b45c1e2e71b72e3bb2ecd5 - 21:24:38"}
{"level":"debug","message":"GET in /products - 21:24:42"}
{"level":"debug","message":"GET in /css/styleProducts.css - 21:24:42"}
{"level":"debug","message":"GET in /js/products.js - 21:24:42"}
{"level":"debug","message":"GET in /js/logoutfunction.js - 21:24:42"}
{"level":"debug","message":"GET in /thumbnails/1681689657952-Gabinete-mid-tower_1.png - 21:24:42"}
{"level":"debug","message":"GET in /thumbnails/1681689704267-Gabinete-gigmatek_1.png - 21:24:42"}
{"level":"debug","message":"GET in /products - 21:25:13"}
{"level":"debug","message":"GET in /css/styleProducts.css - 21:25:16"}
{"level":"debug","message":"GET in /js/products.js - 21:25:16"}
{"level":"debug","message":"GET in /thumbnails/1681689657952-Gabinete-mid-tower_1.png - 21:25:16"}
{"level":"debug","message":"GET in /thumbnails/1681689704267-Gabinete-gigmatek_1.png - 21:25:16"}
{"level":"debug","message":"GET in /js/logoutfunction.js - 21:25:16"}
{"level":"debug","message":"POST in /api/carts/64dd62fa4a437f3be9553b33/product/64b45c1e2e71b72e3bb2ecd5 - 21:25:19"}
{"level":"debug","message":"GET in / - 16:30:06"}
{"level":"debug","message":"GET in /css/styleProducts.css - 16:30:06"}
{"level":"debug","message":"GET in /js/login.js - 16:30:06"}
{"level":"debug","message":"GET in /api/sessions/github - 16:30:08"}
{"level":"debug","message":"GET in /api/sessions/githubcallback?code=45318af058264d4a3e08 - 16:30:08"}
{"level":"debug","message":"GET in /products - 16:30:09"}
{"level":"debug","message":"GET in /css/styleProducts.css - 16:30:10"}
{"level":"debug","message":"GET in /js/products.js - 16:30:10"}
{"level":"debug","message":"GET in /thumbnails/1681689704267-Gabinete-gigmatek_1.png - 16:30:10"}
{"level":"debug","message":"GET in /thumbnails/1681689834347-pasta-termica-obsequio.png - 16:30:10"}
{"level":"debug","message":"GET in /js/logoutfunction.js - 16:30:10"}
{"level":"debug","message":"GET in /api/sessions/logout - 16:30:13"}
{"level":"debug","message":"GET in / - 16:30:16"}
{"level":"debug","message":"GET in /js/login.js - 16:30:16"}
{"level":"debug","message":"GET in /css/styleProducts.css - 16:30:16"}
{"level":"debug","message":"GET in / - 16:51:36"}
{"level":"debug","message":"GET in /css/styleProducts.css - 16:51:37"}
{"level":"debug","message":"GET in /js/login.js - 16:51:37"}
{"level":"debug","message":"GET in /api/sessions/github - 16:51:39"}
{"level":"debug","message":"GET in /api/sessions/githubcallback?code=2bb1f8882349b208a518 - 16:51:39"}
{"level":"debug","message":"GET in /products - 16:51:40"}
{"level":"debug","message":"GET in /css/styleProducts.css - 16:51:41"}
{"level":"debug","message":"GET in /thumbnails/1681689834347-pasta-termica-obsequio.png - 16:51:41"}
{"level":"debug","message":"GET in /js/products.js - 16:51:41"}
{"level":"debug","message":"GET in /thumbnails/1681689704267-Gabinete-gigmatek_1.png - 16:51:41"}
{"level":"debug","message":"GET in /js/logoutfunction.js - 16:51:41"}
{"level":"debug","message":"GET in /css/styleProducts.css - 16:51:45"}
{"level":"debug","message":"GET in /product/64b45c1e2e71b72e3bb2ecd9 - 16:57:29"}
{"level":"debug","message":"GET in /product/thumbnails/1681689834347-pasta-termica-obsequio.png - 16:57:29"}
{"level":"debug","message":"GET in /css/styleProducts.css - 16:57:29"}
{"level":"debug","message":"GET in /js/product.js - 16:57:29"}
{"level":"debug","message":"GET in /product/thumbnails/1681689834347-pasta-termica-obsequio.png - 16:57:29"}
{"level":"debug","message":"GET in /js/logoutfunction.js - 16:57:29"}
{"level":"debug","message":"GET in /admin - 16:59:20"}
{"level":"debug","message":"GET in /css/styleProducts.css - 16:59:20"}
{"level":"debug","message":"GET in /style.css - 16:59:20"}
{"level":"debug","message":"GET in /style.css - 16:59:20"}
{"level":"debug","message":"GET in /favicon.ico - 16:59:23"}
{"level":"debug","message":"GET in /products - 16:59:26"}
{"level":"debug","message":"GET in /css/styleProducts.css - 16:59:26"}
{"level":"debug","message":"GET in /js/products.js - 16:59:26"}
{"level":"debug","message":"GET in /js/logoutfunction.js - 16:59:26"}
{"level":"debug","message":"GET in /thumbnails/1681689834347-pasta-termica-obsequio.png - 16:59:26"}
{"level":"debug","message":"GET in /thumbnails/1681689704267-Gabinete-gigmatek_1.png - 16:59:26"}
{"level":"debug","message":"GET in /api/sessions/logout - 16:59:28"}
{"level":"debug","message":"GET in / - 16:59:30"}
{"level":"debug","message":"GET in /css/styleProducts.css - 16:59:30"}
{"level":"debug","message":"GET in /js/login.js - 16:59:30"}
{"level":"debug","message":"GET in /api/sessions/github - 16:59:46"}
{"level":"debug","message":"GET in /api/sessions/githubcallback?code=aa35122a10218e167810 - 16:59:46"}
{"level":"debug","message":"GET in /products - 16:59:47"}
{"level":"debug","message":"GET in /js/products.js - 16:59:48"}
{"level":"debug","message":"GET in /css/styleProducts.css - 16:59:48"}
{"level":"debug","message":"GET in /js/logoutfunction.js - 16:59:48"}
{"level":"debug","message":"GET in /thumbnails/1681689834347-pasta-termica-obsequio.png - 16:59:48"}
{"level":"debug","message":"GET in /thumbnails/1681689704267-Gabinete-gigmatek_1.png - 16:59:48"}
{"level":"debug","message":"GET in /product/64b45c1e2e71b72e3bb2ecd9 - 16:59:53"}
{"level":"debug","message":"GET in /css/styleProducts.css - 16:59:54"}
{"level":"debug","message":"GET in /js/product.js - 16:59:54"}
{"level":"debug","message":"GET in /js/logoutfunction.js - 16:59:54"}
{"level":"debug","message":"GET in /thumbnails/1681689834347-pasta-termica-obsequio.png - 16:59:54"}
{"level":"debug","message":"GET in /products - 16:59:57"}
{"level":"debug","message":"GET in /product/64b45c1e2e71b72e3bb2ecd9 - 17:00:00"}
{"level":"debug","message":"GET in /css/styleProducts.css - 17:00:00"}
{"level":"debug","message":"GET in /js/product.js - 17:00:00"}
{"level":"debug","message":"GET in /js/logoutfunction.js - 17:00:00"}
{"level":"debug","message":"GET in /thumbnails/1681689834347-pasta-termica-obsequio.png - 17:00:00"}
{"level":"debug","message":"GET in /product/64b45c1e2e71b72e3bb2ecd9 - 17:02:01"}
{"level":"debug","message":"GET in /css/styleProducts.css - 17:02:03"}
{"level":"debug","message":"GET in /js/product.js - 17:02:03"}
{"level":"debug","message":"GET in /thumbnails/1681689834347-pasta-termica-obsequio.png - 17:02:03"}
{"level":"debug","message":"GET in /css/styleProducts.css - 17:02:07"}
{"level":"debug","message":"GET in /profile - 17:02:37"}
{"level":"debug","message":"GET in /profile/ - 17:02:37"}
{"level":"debug","message":"GET in /css/styleProducts.css - 17:02:39"}
{"level":"debug","message":"GET in /js/profile.js - 17:02:39"}
{"level":"debug","message":"GET in /js/logoutfunction.js - 17:02:39"}
{"level":"debug","message":"GET in /api/sessions/logout - 17:02:40"}
{"level":"debug","message":"GET in / - 17:02:42"}
{"level":"debug","message":"GET in /css/styleProducts.css - 17:02:42"}
{"level":"debug","message":"GET in /js/login.js - 17:02:42"}
{"level":"debug","message":"GET in /api/sessions/github - 17:02:52"}
{"level":"debug","message":"GET in /api/sessions/githubcallback?code=2e46bf6bd09de9a428f8 - 17:02:53"}
{"level":"debug","message":"GET in /products - 17:02:54"}
{"level":"debug","message":"GET in /css/styleProducts.css - 17:02:54"}
{"level":"debug","message":"GET in /js/products.js - 17:02:54"}
{"level":"debug","message":"GET in /js/logoutfunction.js - 17:02:54"}
{"level":"debug","message":"GET in /thumbnails/1681689834347-pasta-termica-obsequio.png - 17:02:54"}
{"level":"debug","message":"GET in /thumbnails/1681689704267-Gabinete-gigmatek_1.png - 17:02:54"}
{"level":"debug","message":"GET in /product/64b45c1e2e71b72e3bb2ecd9 - 17:03:00"}
{"level":"debug","message":"GET in /css/styleProducts.css - 17:03:00"}
{"level":"debug","message":"GET in /js/product.js - 17:03:00"}
{"level":"debug","message":"GET in /thumbnails/1681689834347-pasta-termica-obsequio.png - 17:03:00"}
